TN:
SF:todoController.js
FN:10,(anonymous_0)
FN:17,(anonymous_1)
FN:23,(anonymous_2)
FN:41,(anonymous_3)
FN:53,(anonymous_4)
FN:54,(anonymous_5)
FN:65,(anonymous_6)
FN:91,(anonymous_7)
FNF:8
FNH:8
FNDA:4,(anonymous_0)
FNDA:4,(anonymous_1)
FNDA:2,(anonymous_2)
FNDA:1,(anonymous_3)
FNDA:3,(anonymous_4)
FNDA:3,(anonymous_5)
FNDA:7,(anonymous_6)
FNDA:7,(anonymous_7)
DA:2,1
DA:4,1
DA:6,1
DA:7,1
DA:11,4
DA:12,4
DA:13,4
DA:18,4
DA:20,4
DA:26,2
DA:27,2
DA:31,2
DA:33,2
DA:34,2
DA:36,2
DA:38,2
DA:42,1
DA:43,1
DA:44,1
DA:45,1
DA:47,1
DA:49,1
DA:50,1
DA:54,3
DA:55,3
DA:56,3
DA:66,7
DA:67,7
DA:68,4
DA:86,4
DA:88,7
DA:92,7
DA:96,1
LF:33
LH:33
BRDA:67,0,0,4
BRDA:67,0,1,3
BRF:2
BRH:2
end_of_record
